<?xml version="1.0" encoding="UTF-8"?>
<!-- Generated by org.testng.reporters.JUnitXMLReporter -->
<testsuite hostname="USGURVAIBHARA09" ignored="0" tests="0" failures="0" timestamp="02 Dec 2021 06:29:04 GMT" time="38.019" errors="0">
  <testcase name="null" time="0.001" classname="cucumberOptions.MyTestRunner">
    <failure type="java.lang.RuntimeException" message="javax.net.ssl.SSLHandshakeException: sun.security.validator.ValidatorException: PKIX path building failed: sun.security.provider.certpath.SunCertPathBuilderException: unable to find valid certification path to requested target">
      <![CDATA[java.lang.RuntimeException: javax.net.ssl.SSLHandshakeException: sun.security.validator.ValidatorException: PKIX path building failed: sun.security.provider.certpath.SunCertPathBuilderException: unable to find valid certification path to requested target
at io.cucumber.core.plugin.MessageFormatter.writeMessage(MessageFormatter.java:36)
at io.cucumber.core.eventbus.AbstractEventPublisher.send(AbstractEventPublisher.java:51)
at io.cucumber.core.eventbus.AbstractEventBus.send(AbstractEventBus.java:12)
at io.cucumber.core.runtime.CucumberExecutionContext.emitTestRunFinished(CucumberExecutionContext.java:102)
at io.cucumber.core.runtime.CucumberExecutionContext.finishTestRun(CucumberExecutionContext.java:74)
at io.cucumber.junit.Cucumber$RunCucumber.evaluate(Cucumber.java:236)
at org.junit.runners.ParentRunner$3.evaluate(ParentRunner.java:306)
at org.junit.runners.ParentRunner.run(ParentRunner.java:413)
at org.junit.runner.JUnitCore.run(JUnitCore.java:137)
at org.junit.runner.JUnitCore.run(JUnitCore.java:115)
Caused by: javax.net.ssl.SSLHandshakeException: sun.security.validator.ValidatorException: PKIX path building failed: sun.security.provider.certpath.SunCertPathBuilderException: unable to find valid certification path to requested target
at sun.security.ssl.Alert.createSSLException(Alert.java:131)
at sun.security.ssl.TransportContext.fatal(TransportContext.java:370)
at sun.security.ssl.TransportContext.fatal(TransportContext.java:313)
at sun.security.ssl.TransportContext.fatal(TransportContext.java:308)
at sun.security.ssl.CertificateMessage$T12CertificateConsumer.checkServerCerts(CertificateMessage.java:652)
at sun.security.ssl.CertificateMessage$T12CertificateConsumer.onCertificate(CertificateMessage.java:471)
at sun.security.ssl.CertificateMessage$T12CertificateConsumer.consume(CertificateMessage.java:367)
at sun.security.ssl.SSLHandshake.consume(SSLHandshake.java:376)
at sun.security.ssl.HandshakeContext.dispatch(HandshakeContext.java:479)
at sun.security.ssl.HandshakeContext.dispatch(HandshakeContext.java:457)
at sun.security.ssl.TransportContext.dispatch(TransportContext.java:200)
at sun.security.ssl.SSLTransport.decode(SSLTransport.java:154)
at sun.security.ssl.SSLSocketImpl.decode(SSLSocketImpl.java:1290)
at sun.security.ssl.SSLSocketImpl.readHandshakeRecord(SSLSocketImpl.java:1199)
at sun.security.ssl.SSLSocketImpl.startHandshake(SSLSocketImpl.java:401)
at sun.security.ssl.SSLSocketImpl.startHandshake(SSLSocketImpl.java:373)
at sun.net.www.protocol.https.HttpsClient.afterConnect(HttpsClient.java:587)
at sun.net.www.protocol.https.AbstractDelegateHttpsURLConnection.connect(AbstractDelegateHttpsURLConnection.java:197)
at sun.net.www.protocol.http.HttpURLConnection.getOutputStream0(HttpURLConnection.java:1354)
at sun.net.www.protocol.http.HttpURLConnection.getOutputStream(HttpURLConnection.java:1329)
at sun.net.www.protocol.https.HttpsURLConnectionImpl.getOutputStream(HttpsURLConnectionImpl.java:264)
at io.cucumber.core.plugin.UrlOutputStream.sendRequest(UrlOutputStream.java:90)
at io.cucumber.core.plugin.UrlOutputStream.sendRequest(UrlOutputStream.java:86)
at io.cucumber.core.plugin.UrlOutputStream.close(UrlOutputStream.java:63)
at sun.nio.cs.StreamEncoder.implClose(StreamEncoder.java:320)
at sun.nio.cs.StreamEncoder.close(StreamEncoder.java:149)
at java.io.OutputStreamWriter.close(OutputStreamWriter.java:233)
at io.cucumber.core.plugin.MessageFormatter.writeMessage(MessageFormatter.java:33)
... 33 more
Caused by: sun.security.validator.ValidatorException: PKIX path building failed: sun.security.provider.certpath.SunCertPathBuilderException: unable to find valid certification path to requested target
at sun.security.validator.PKIXValidator.doBuild(PKIXValidator.java:439)
at sun.security.validator.PKIXValidator.engineValidate(PKIXValidator.java:306)
at sun.security.validator.Validator.validate(Validator.java:271)
at sun.security.ssl.X509TrustManagerImpl.validate(X509TrustManagerImpl.java:312)
at sun.security.ssl.X509TrustManagerImpl.checkTrusted(X509TrustManagerImpl.java:221)
at sun.security.ssl.X509TrustManagerImpl.checkServerTrusted(X509TrustManagerImpl.java:128)
at sun.security.ssl.CertificateMessage$T12CertificateConsumer.checkServerCerts(CertificateMessage.java:636)
... 56 more
Caused by: sun.security.provider.certpath.SunCertPathBuilderException: unable to find valid certification path to requested target
at sun.security.provider.certpath.SunCertPathBuilder.build(SunCertPathBuilder.java:141)
at sun.security.provider.certpath.SunCertPathBuilder.engineBuild(SunCertPathBuilder.java:126)
at java.security.cert.CertPathBuilder.build(CertPathBuilder.java:280)
at sun.security.validator.PKIXValidator.doBuild(PKIXValidator.java:434)
... 62 more
... Removed 24 stack frames]]>
    </failure>
  </testcase> <!-- null -->
</testsuite>
